[TensorRT] VERBOSE: 3:Slice -> (3, 46, 146)
[TensorRT] VERBOSE: 4:Slice -> (3, 46, 146)
[TensorRT] VERBOSE: 5:Slice -> (3, 1, 146)
[TensorRT] VERBOSE: 6:Slice -> (3, 1, 1)
[TensorRT] VERBOSE: 7:Slice -> (3, 46, 146)
[TensorRT] VERBOSE: 8:Slice -> (3, 46, 146)
[TensorRT] VERBOSE: 9:Slice -> (3, 1, 146)
[TensorRT] VERBOSE: 10:Slice -> (3, 1, 1)
[TensorRT] VERBOSE: 11:Slice -> (3, 46, 146)
[TensorRT] VERBOSE: 12:Slice -> (3, 46, 146)
[TensorRT] VERBOSE: 13:Slice -> (3, 1, 146)
[TensorRT] VERBOSE: 14:Slice -> (3, 1, 1)
[TensorRT] VERBOSE: 15:Slice -> (3, 46, 146)
[TensorRT] VERBOSE: 16:Slice -> (3, 46, 146)
[TensorRT] VERBOSE: 17:Slice -> (3, 1, 146)
[TensorRT] VERBOSE: 18:Slice -> (3, 1, 1)
[TensorRT] VERBOSE: 19:GlobalAveragePool -> (3, 1, 1)
[TensorRT] VERBOSE: 20:Constant -> (2)
[TensorRT] VERBOSE: 21:Reshape -> (3)
[TensorRT] VERBOSE: /home/jenkins/workspace/TensorRT/helpers/rel-6.0/L1_Nightly/build/source/parsers/onnxOpenSource/builtin_op_importers.cpp:1094: GEMM: A: (3), B: (3, 11), C: (11)
[TensorRT] VERBOSE: /home/jenkins/workspace/TensorRT/helpers/rel-6.0/L1_Nightly/build/source/parsers/onnxOpenSource/builtin_op_importers.cpp:1131: Using opA: 2 opB: 0
[TensorRT] VERBOSE: /home/jenkins/workspace/TensorRT/helpers/rel-6.0/L1_Nightly/build/source/parsers/onnxOpenSource/builtin_op_importers.cpp:1132: GEMM: A, after squeezing: (3)
[TensorRT] VERBOSE: 22:Gemm -> (11)
[TensorRT] VERBOSE: 23:LogSoftmax -> (11)
[TensorRT] VERBOSE: 24:GlobalAveragePool -> (3, 1, 1)
[TensorRT] VERBOSE: 25:Constant -> (2)
[TensorRT] VERBOSE: 26:Reshape -> (3)
[TensorRT] VERBOSE: /home/jenkins/workspace/TensorRT/helpers/rel-6.0/L1_Nightly/build/source/parsers/onnxOpenSource/builtin_op_importers.cpp:1094: GEMM: A: (3), B: (3, 11), C: (11)
[TensorRT] VERBOSE: /home/jenkins/workspace/TensorRT/helpers/rel-6.0/L1_Nightly/build/source/parsers/onnxOpenSource/builtin_op_importers.cpp:1131: Using opA: 2 opB: 0
[TensorRT] VERBOSE: /home/jenkins/workspace/TensorRT/helpers/rel-6.0/L1_Nightly/build/source/parsers/onnxOpenSource/builtin_op_importers.cpp:1132: GEMM: A, after squeezing: (3)
[TensorRT] VERBOSE: 27:Gemm -> (11)
[TensorRT] VERBOSE: 28:LogSoftmax -> (11)
[TensorRT] VERBOSE: 29:GlobalAveragePool -> (3, 1, 1)
[TensorRT] VERBOSE: 30:Constant -> (2)
[TensorRT] VERBOSE: 31:Reshape -> (3)
[TensorRT] VERBOSE: /home/jenkins/workspace/TensorRT/helpers/rel-6.0/L1_Nightly/build/source/parsers/onnxOpenSource/builtin_op_importers.cpp:1094: GEMM: A: (3), B: (3, 11), C: (11)
[TensorRT] VERBOSE: /home/jenkins/workspace/TensorRT/helpers/rel-6.0/L1_Nightly/build/source/parsers/onnxOpenSource/builtin_op_importers.cpp:1131: Using opA: 2 opB: 0
[TensorRT] VERBOSE: /home/jenkins/workspace/TensorRT/helpers/rel-6.0/L1_Nightly/build/source/parsers/onnxOpenSource/builtin_op_importers.cpp:1132: GEMM: A, after squeezing: (3)
[TensorRT] VERBOSE: 32:Gemm -> (11)
[TensorRT] VERBOSE: 33:LogSoftmax -> (11)
[TensorRT] VERBOSE: 34:GlobalAveragePool -> (3, 1, 1)
[TensorRT] VERBOSE: 35:Constant -> (2)
[TensorRT] VERBOSE: 36:Reshape -> (3)
[TensorRT] VERBOSE: /home/jenkins/workspace/TensorRT/helpers/rel-6.0/L1_Nightly/build/source/parsers/onnxOpenSource/builtin_op_importers.cpp:1094: GEMM: A: (3), B: (3, 11), C: (11)
[TensorRT] VERBOSE: /home/jenkins/workspace/TensorRT/helpers/rel-6.0/L1_Nightly/build/source/parsers/onnxOpenSource/builtin_op_importers.cpp:1131: Using opA: 2 opB: 0
[TensorRT] VERBOSE: /home/jenkins/workspace/TensorRT/helpers/rel-6.0/L1_Nightly/build/source/parsers/onnxOpenSource/builtin_op_importers.cpp:1132: GEMM: A, after squeezing: (3)
[TensorRT] VERBOSE: 37:Gemm -> (11)
[TensorRT] VERBOSE: 38:LogSoftmax -> (11)
[TensorRT] VERBOSE: Applying generic optimizations to the graph for inference.
[TensorRT] VERBOSE: Original: 40 layers
[TensorRT] VERBOSE: After dead-layer removal: 40 layers
[TensorRT] VERBOSE: After scale fusion: 40 layers
[TensorRT] VERBOSE: Fusing (Unnamed Layer* 14) [Softmax] with (Unnamed Layer* 15) [Unary]
[TensorRT] VERBOSE: Fusing (Unnamed Layer* 22) [Softmax] with (Unnamed Layer* 23) [Unary]
[TensorRT] VERBOSE: Fusing (Unnamed Layer* 30) [Softmax] with (Unnamed Layer* 31) [Unary]
[TensorRT] VERBOSE: Fusing (Unnamed Layer* 38) [Softmax] with (Unnamed Layer* 39) [Unary]
[TensorRT] VERBOSE: After vertical fusions: 36 layers
[TensorRT] VERBOSE: After final dead-layer removal: 36 layers
[TensorRT] VERBOSE: After tensor merging: 36 layers
[TensorRT] VERBOSE: Replacing slice (Unnamed Layer* 0) [Slice] with copy from 16 to 5
[TensorRT] VERBOSE: Replacing slice (Unnamed Layer* 1) [Slice] with copy from 5 to 6
[TensorRT] VERBOSE: Replacing slice (Unnamed Layer* 2) [Slice] with copy from 16 to 9
[TensorRT] VERBOSE: Replacing slice (Unnamed Layer* 3) [Slice] with copy from 9 to 10
[TensorRT] VERBOSE: Replacing slice (Unnamed Layer* 4) [Slice] with copy from 16 to 13
[TensorRT] VERBOSE: Replacing slice (Unnamed Layer* 5) [Slice] with copy from 13 to 14
[TensorRT] VERBOSE: Replacing slice (Unnamed Layer* 6) [Slice] with copy from 16 to 17
[TensorRT] VERBOSE: Replacing slice (Unnamed Layer* 7) [Slice] with copy from 17 to 18
[TensorRT] VERBOSE: After concat removal: 36 layers
[TensorRT] VERBOSE: Graph construction and optimization completed in 0.00291085 seconds.
[TensorRT] INFO: 
[TensorRT] INFO: --------------- Layers running on DLA: 
[TensorRT] INFO: 
[TensorRT] INFO: --------------- Layers running on GPU: 
[TensorRT] INFO: (Unnamed Layer* 0) [Slice], (Unnamed Layer* 1) [Slice], (Unnamed Layer* 2) [Slice], (Unnamed Layer* 3) [Slice], (Unnamed Layer* 4) [Slice], (Unnamed Layer* 5) [Slice], (Unnamed Layer* 6) [Slice], (Unnamed Layer* 7) [Slice], (Unnamed Layer* 8) [Pooling], (Unnamed Layer* 9) [Shuffle], (Unnamed Layer* 10) [Constant], (Unnamed Layer* 11) [Constant], (Unnamed Layer* 12) [Matrix Multiply], (Unnamed Layer* 13) [ElementWise], (Unnamed Layer* 14) [Softmax] + (Unnamed Layer* 15) [Unary], (Unnamed Layer* 16) [Pooling], (Unnamed Layer* 17) [Shuffle], (Unnamed Layer* 18) [Constant], (Unnamed Layer* 19) [Constant], (Unnamed Layer* 20) [Matrix Multiply], (Unnamed Layer* 21) [ElementWise], (Unnamed Layer* 22) [Softmax] + (Unnamed Layer* 23) [Unary], (Unnamed Layer* 24) [Pooling], (Unnamed Layer* 25) [Shuffle], (Unnamed Layer* 26) [Constant], (Unnamed Layer* 27) [Constant], (Unnamed Layer* 28) [Matrix Multiply], (Unnamed Layer* 29) [ElementWise], (Unnamed Layer* 30) [Softmax] + (Unnamed Layer* 31) [Unary], (Unnamed Layer* 32) [Pooling], (Unnamed Layer* 33) [Shuffle], (Unnamed Layer* 34) [Constant], (Unnamed Layer* 35) [Constant], (Unnamed Layer* 36) [Matrix Multiply], (Unnamed Layer* 37) [ElementWise], (Unnamed Layer* 38) [Softmax] + (Unnamed Layer* 39) [Unary], 
[TensorRT] VERBOSE: Constructing optimization profile number 0 out of 1
Using kFLOAT for region surrounded by copy operations: 5
[TensorRT] VERBOSE: Using kFLOAT for region surrounded by copy operations: 9
[TensorRT] VERBOSE: Using kFLOAT for region surrounded by copy operations: 13
[TensorRT] VERBOSE: Using kFLOAT for region surrounded by copy operations: 17
[TensorRT] VERBOSE: --------------- Timing Runner: (Unnamed Layer* 0) [Slice] (Reformat)
[TensorRT] VERBOSE: Tactic: 1002 time 0.005984
[TensorRT] VERBOSE: Tactic: 0 time 0.004288
[TensorRT] VERBOSE: Fastest Tactic: 0 Time: 0.004288
[TensorRT] VERBOSE: --------------- Timing Runner: (Unnamed Layer* 1) [Slice] (Reformat)
[TensorRT] VERBOSE: Tactic: 1002 time 0.004384
[TensorRT] VERBOSE: Tactic: 0 time 0.004256
[TensorRT] VERBOSE: Fastest Tactic: 0 Time: 0.004256
[TensorRT] VERBOSE: --------------- Timing Runner: (Unnamed Layer* 2) [Slice] (Reformat)
[TensorRT] VERBOSE: Tactic: 1002 time 0.006112
[TensorRT] VERBOSE: Tactic: 0 time 0.004384
[TensorRT] VERBOSE: Fastest Tactic: 0 Time: 0.004384
[TensorRT] VERBOSE: --------------- Timing Runner: (Unnamed Layer* 3) [Slice] (Reformat)
[TensorRT] VERBOSE: Tactic: 1002 time 0.004512
[TensorRT] VERBOSE: Tactic: 0 time 0.004512
[TensorRT] VERBOSE: Fastest Tactic: 1002 Time: 0.004512
[TensorRT] VERBOSE: --------------- Timing Runner: (Unnamed Layer* 4) [Slice] (Reformat)
[TensorRT] VERBOSE: Tactic: 1002 time 0.006144
[TensorRT] VERBOSE: Tactic: 0 time 0.00448
[TensorRT] VERBOSE: Fastest Tactic: 0 Time: 0.00448
[TensorRT] VERBOSE: --------------- Timing Runner: (Unnamed Layer* 5) [Slice] (Reformat)
[TensorRT] VERBOSE: Tactic: 1002 time 0.004704
[TensorRT] VERBOSE: Tactic: 0 time 0.004224
[TensorRT] VERBOSE: Fastest Tactic: 0 Time: 0.004224
[TensorRT] VERBOSE: --------------- Timing Runner: (Unnamed Layer* 6) [Slice] (Reformat)
[TensorRT] VERBOSE: Tactic: 1002 time 0.006048
[TensorRT] VERBOSE: Tactic: 0 time 0.004352
[TensorRT] VERBOSE: Fastest Tactic: 0 Time: 0.004352
[TensorRT] VERBOSE: --------------- Timing Runner: (Unnamed Layer* 7) [Slice] (Reformat)
[TensorRT] VERBOSE: Tactic: 1002 time 0.004512
[TensorRT] VERBOSE: Tactic: 0 time 0.00432
[TensorRT] VERBOSE: Fastest Tactic: 0 Time: 0.00432
[TensorRT] VERBOSE: *************** Autotuning format combination: Float(1,1,1,3) -> Float(1,1,1,3) ***************
[TensorRT] VERBOSE: --------------- Timing Runner: (Unnamed Layer* 8) [Pooling] (Pooling)
[TensorRT] VERBOSE: Tactic: -1 time 0.004448
[TensorRT] VERBOSE: Fastest Tactic: -1 Time: 0.004448
[TensorRT] VERBOSE: --------------- Timing Runner: (Unnamed Layer* 8) [Pooling] (TiledPooling)
[TensorRT] VERBOSE: Tactic: 7209217 time 0.004224
[TensorRT] VERBOSE: Fastest Tactic: 7209217 Time: 0.004224
[TensorRT] VERBOSE: >>>>>>>>>>>>>>> Chose Runner Type: TiledPooling Tactic: 7209217
[TensorRT] VERBOSE: 
[TensorRT] VERBOSE: *************** Autotuning format combination: Float(1,1,1,3) -> Float(1,3) ***************
[TensorRT] VERBOSE: --------------- Timing Runner: (Unnamed Layer* 9) [Shuffle] (Shuffle)
[TensorRT] VERBOSE: Tactic: 0 is the only option, timing skipped
[TensorRT] VERBOSE: Fastest Tactic: 0 Time: 0
[TensorRT] VERBOSE: *************** Autotuning format combination:  -> Float(1,11) ***************
[TensorRT] VERBOSE: *************** Autotuning format combination:  -> Float(1,11,33) ***************
[TensorRT] VERBOSE: *************** Autotuning format combination: Float(1,3), Float(1,11,33) -> Float(1,11) ***************
[TensorRT] VERBOSE: --------------- Timing Runner: (Unnamed Layer* 12) [Matrix Multiply] (MatrixMultiply)
[TensorRT] VERBOSE: Tactic: 0 is the only option, timing skipped
[TensorRT] VERBOSE: Fastest Tactic: 0 Time: 0
[TensorRT] VERBOSE: *************** Autotuning format combination: Float(1,11), Float(1,11) -> Float(1,11) ***************
[TensorRT] VERBOSE: --------------- Timing Runner: (Unnamed Layer* 13) [ElementWise] (ElementWise)
[TensorRT] VERBOSE: Tactic: 1 is the only option, timing skipped
[TensorRT] VERBOSE: Fastest Tactic: 1 Time: 0
[TensorRT] VERBOSE: *************** Autotuning format combination: Float(1,11) -> Float(1,11) ***************
[TensorRT] VERBOSE: --------------- Timing Runner: (Unnamed Layer* 14) [Softmax] + (Unnamed Layer* 15) [Unary] (SoftMax)
[TensorRT] VERBOSE: Tactic: 1001 time 0.004832
[TensorRT] VERBOSE: Fastest Tactic: 1001 Time: 0.004832
[TensorRT] VERBOSE: >>>>>>>>>>>>>>> Chose Runner Type: SoftMax Tactic: 1001
[TensorRT] VERBOSE: 
[TensorRT] VERBOSE: *************** Autotuning format combination: Float(1,1,1,3) -> Float(1,1,1,3) ***************
[TensorRT] VERBOSE: --------------- Timing Runner: (Unnamed Layer* 16) [Pooling] (Pooling)
[TensorRT] VERBOSE: Tactic: -1 time 0.004576
[TensorRT] VERBOSE: Fastest Tactic: -1 Time: 0.004576
[TensorRT] VERBOSE: --------------- Timing Runner: (Unnamed Layer* 16) [Pooling] (TiledPooling)
[TensorRT] VERBOSE: Tactic: 7209217 time 0.004704
[TensorRT] VERBOSE: Fastest Tactic: 7209217 Time: 0.004704
[TensorRT] VERBOSE: >>>>>>>>>>>>>>> Chose Runner Type: Pooling Tactic: -1
[TensorRT] VERBOSE: 
[TensorRT] VERBOSE: *************** Autotuning format combination: Float(1,1,1,3) -> Float(1,3) ***************
[TensorRT] VERBOSE: --------------- Timing Runner: (Unnamed Layer* 17) [Shuffle] (Shuffle)
[TensorRT] VERBOSE: Tactic: 0 is the only option, timing skipped
[TensorRT] VERBOSE: Fastest Tactic: 0 Time: 0
[TensorRT] VERBOSE: *************** Autotuning format combination:  -> Float(1,11) ***************
[TensorRT] VERBOSE: *************** Autotuning format combination:  -> Float(1,11,33) ***************
[TensorRT] VERBOSE: *************** Autotuning format combination: Float(1,3), Float(1,11,33) -> Float(1,11) ***************
[TensorRT] VERBOSE: --------------- Timing Runner: (Unnamed Layer* 20) [Matrix Multiply] (MatrixMultiply)
[TensorRT] VERBOSE: Tactic: 0 is the only option, timing skipped
[TensorRT] VERBOSE: Fastest Tactic: 0 Time: 0
[TensorRT] VERBOSE: *************** Autotuning format combination: Float(1,11), Float(1,11) -> Float(1,11) ***************
[TensorRT] VERBOSE: --------------- Timing Runner: (Unnamed Layer* 21) [ElementWise] (ElementWise)
[TensorRT] VERBOSE: Tactic: 1 is the only option, timing skipped
[TensorRT] VERBOSE: Fastest Tactic: 1 Time: 0
[TensorRT] VERBOSE: *************** Autotuning format combination: Float(1,11) -> Float(1,11) ***************
[TensorRT] VERBOSE: --------------- Timing Runner: (Unnamed Layer* 22) [Softmax] + (Unnamed Layer* 23) [Unary] (SoftMax)
[TensorRT] VERBOSE: Tactic: 1001 time 0.006016
[TensorRT] VERBOSE: Fastest Tactic: 1001 Time: 0.006016
[TensorRT] VERBOSE: >>>>>>>>>>>>>>> Chose Runner Type: SoftMax Tactic: 1001
[TensorRT] VERBOSE: 
[TensorRT] VERBOSE: *************** Autotuning format combination: Float(1,1,1,3) -> Float(1,1,1,3) ***************
[TensorRT] VERBOSE: --------------- Timing Runner: (Unnamed Layer* 24) [Pooling] (Pooling)
[TensorRT] VERBOSE: Tactic: -1 time 0.004608
[TensorRT] VERBOSE: Fastest Tactic: -1 Time: 0.004608
[TensorRT] VERBOSE: --------------- Timing Runner: (Unnamed Layer* 24) [Pooling] (TiledPooling)
[TensorRT] VERBOSE: Tactic: 7209217 time 0.004864
[TensorRT] VERBOSE: Fastest Tactic: 7209217 Time: 0.004864
[TensorRT] VERBOSE: >>>>>>>>>>>>>>> Chose Runner Type: Pooling Tactic: -1
[TensorRT] VERBOSE: 
[TensorRT] VERBOSE: *************** Autotuning format combination: Float(1,1,1,3) -> Float(1,3) ***************
[TensorRT] VERBOSE: --------------- Timing Runner: (Unnamed Layer* 25) [Shuffle] (Shuffle)
[TensorRT] VERBOSE: Tactic: 0 is the only option, timing skipped
[TensorRT] VERBOSE: Fastest Tactic: 0 Time: 0
[TensorRT] VERBOSE: *************** Autotuning format combination:  -> Float(1,11) ***************
[TensorRT] VERBOSE: *************** Autotuning format combination:  -> Float(1,11,33) ***************
[TensorRT] VERBOSE: *************** Autotuning format combination: Float(1,3), Float(1,11,33) -> Float(1,11) ***************
[TensorRT] VERBOSE: --------------- Timing Runner: (Unnamed Layer* 28) [Matrix Multiply] (MatrixMultiply)
[TensorRT] VERBOSE: Tactic: 0 is the only option, timing skipped
[TensorRT] VERBOSE: Fastest Tactic: 0 Time: 0
[TensorRT] VERBOSE: *************** Autotuning format combination: Float(1,11), Float(1,11) -> Float(1,11) ***************
[TensorRT] VERBOSE: --------------- Timing Runner: (Unnamed Layer* 29) [ElementWise] (ElementWise)
[TensorRT] VERBOSE: Tactic: 1 is the only option, timing skipped
[TensorRT] VERBOSE: Fastest Tactic: 1 Time: 0
[TensorRT] VERBOSE: *************** Autotuning format combination: Float(1,11) -> Float(1,11) ***************
[TensorRT] VERBOSE: --------------- Timing Runner: (Unnamed Layer* 30) [Softmax] + (Unnamed Layer* 31) [Unary] (SoftMax)
[TensorRT] VERBOSE: Tactic: 1001 time 0.004768
[TensorRT] VERBOSE: Fastest Tactic: 1001 Time: 0.004768
[TensorRT] VERBOSE: >>>>>>>>>>>>>>> Chose Runner Type: SoftMax Tactic: 1001
[TensorRT] VERBOSE: 
[TensorRT] VERBOSE: *************** Autotuning format combination: Float(1,1,1,3) -> Float(1,1,1,3) ***************
[TensorRT] VERBOSE: --------------- Timing Runner: (Unnamed Layer* 32) [Pooling] (Pooling)
[TensorRT] VERBOSE: Tactic: -1 time 0.004512
[TensorRT] VERBOSE: Fastest Tactic: -1 Time: 0.004512
[TensorRT] VERBOSE: --------------- Timing Runner: (Unnamed Layer* 32) [Pooling] (TiledPooling)
[TensorRT] VERBOSE: Tactic: 7209217 time 0.00464
[TensorRT] VERBOSE: Fastest Tactic: 7209217 Time: 0.00464
[TensorRT] VERBOSE: >>>>>>>>>>>>>>> Chose Runner Type: Pooling Tactic: -1
[TensorRT] VERBOSE: 
[TensorRT] VERBOSE: *************** Autotuning format combination: Float(1,1,1,3) -> Float(1,3) ***************
[TensorRT] VERBOSE: --------------- Timing Runner: (Unnamed Layer* 33) [Shuffle] (Shuffle)
[TensorRT] VERBOSE: Tactic: 0 is the only option, timing skipped
[TensorRT] VERBOSE: Fastest Tactic: 0 Time: 0
[TensorRT] VERBOSE: *************** Autotuning format combination:  -> Float(1,11) ***************
[TensorRT] VERBOSE: *************** Autotuning format combination:  -> Float(1,11,33) ***************
[TensorRT] VERBOSE: *************** Autotuning format combination: Float(1,3), Float(1,11,33) -> Float(1,11) ***************
[TensorRT] VERBOSE: --------------- Timing Runner: (Unnamed Layer* 36) [Matrix Multiply] (MatrixMultiply)
[TensorRT] VERBOSE: Tactic: 0 is the only option, timing skipped
[TensorRT] VERBOSE: Fastest Tactic: 0 Time: 0
[TensorRT] VERBOSE: *************** Autotuning format combination: Float(1,11), Float(1,11) -> Float(1,11) ***************
[TensorRT] VERBOSE: --------------- Timing Runner: (Unnamed Layer* 37) [ElementWise] (ElementWise)
[TensorRT] VERBOSE: Tactic: 1 is the only option, timing skipped
[TensorRT] VERBOSE: Fastest Tactic: 1 Time: 0
[TensorRT] VERBOSE: *************** Autotuning format combination: Float(1,11) -> Float(1,11) ***************
[TensorRT] VERBOSE: --------------- Timing Runner: (Unnamed Layer* 38) [Softmax] + (Unnamed Layer* 39) [Unary] (SoftMax)
[TensorRT] VERBOSE: Tactic: 1001 time 0.005952
[TensorRT] VERBOSE: Fastest Tactic: 1001 Time: 0.005952
[TensorRT] VERBOSE: >>>>>>>>>>>>>>> Chose Runner Type: SoftMax Tactic: 1001
[TensorRT] VERBOSE: 
[TensorRT] VERBOSE: Formats and tactics selection completed in 3.60861 seconds.
[TensorRT] VERBOSE: After reformat layers: 36 layers
[TensorRT] VERBOSE: Block size 1073741824
[TensorRT] VERBOSE: Block size 2048
[TensorRT] VERBOSE: Block size 512
[TensorRT] VERBOSE: Block size 512
[TensorRT] VERBOSE: Block size 512
[TensorRT] VERBOSE: Block size 512
[TensorRT] VERBOSE: Block size 0
[TensorRT] VERBOSE: Total Activation Memory: 1073745920
[TensorRT] INFO: Detected 5 inputs and 4 output network tensors.
[TensorRT] VERBOSE: Engine generation completed in 5.98656 seconds.
[TensorRT] VERBOSE: Engine Layer Information:
[TensorRT] VERBOSE: Layer: (Unnamed Layer* 0) [Slice] (Reformat), Tactic: 0, 16[Float(3,1,146)] -> 5[Float(3,1,146)]
[TensorRT] VERBOSE: Layer: (Unnamed Layer* 1) [Slice] (Reformat), Tactic: 0, 5[Float(3,1,1)] -> 6[Float(3,1,1)]
[TensorRT] VERBOSE: Layer: (Unnamed Layer* 2) [Slice] (Reformat), Tactic: 0, 16[Float(3,1,146)] -> 9[Float(3,1,146)]
[TensorRT] VERBOSE: Layer: (Unnamed Layer* 3) [Slice] (Reformat), Tactic: 1002, 9[Float(3,1,1)] -> 10[Float(3,1,1)]
[TensorRT] VERBOSE: Layer: (Unnamed Layer* 4) [Slice] (Reformat), Tactic: 0, 16[Float(3,1,146)] -> 13[Float(3,1,146)]
[TensorRT] VERBOSE: Layer: (Unnamed Layer* 5) [Slice] (Reformat), Tactic: 0, 13[Float(3,1,1)] -> 14[Float(3,1,1)]
[TensorRT] VERBOSE: Layer: (Unnamed Layer* 6) [Slice] (Reformat), Tactic: 0, 16[Float(3,1,146)] -> 17[Float(3,1,146)]
[TensorRT] VERBOSE: Layer: (Unnamed Layer* 7) [Slice] (Reformat), Tactic: 0, 17[Float(3,1,1)] -> 18[Float(3,1,1)]
[TensorRT] VERBOSE: Layer: (Unnamed Layer* 8) [Pooling] (PoolingTiled), Tactic: 7209217, 6[Float(3,1,1)] -> 19[Float(3,1,1)]
[TensorRT] VERBOSE: Layer: (Unnamed Layer* 10) [Constant] (Constant), Tactic: 0,  -> (Unnamed Layer* 10) [Constant]_output[Float(11)]
[TensorRT] VERBOSE: Layer: (Unnamed Layer* 11) [Constant] (Constant), Tactic: 0,  -> (Unnamed Layer* 11) [Constant]_output[Float(3,11)]
[TensorRT] VERBOSE: Layer: (Unnamed Layer* 12) [Matrix Multiply] (MatrixMultiply), Tactic: 0, 21[Float(3)], (Unnamed Layer* 11) [Constant]_output[Float(3,11)] -> (Unnamed Layer* 12) [Matrix Multiply]_output[Float(11)]
[TensorRT] VERBOSE: Layer: (Unnamed Layer* 13) [ElementWise] (ElementWise), Tactic: 1, (Unnamed Layer* 12) [Matrix Multiply]_output[Float(11)], (Unnamed Layer* 10) [Constant]_output[Float(11)] -> 22[Float(11)]
[TensorRT] VERBOSE: Layer: (Unnamed Layer* 14) [Softmax] + (Unnamed Layer* 15) [Unary] (SoftMax), Tactic: 1001, 22[Float(11)] -> 23[Float(11)]
[TensorRT] VERBOSE: Layer: (Unnamed Layer* 16) [Pooling] (Pooling), Tactic: -1, 10[Float(3,1,1)] -> 24[Float(3,1,1)]
[TensorRT] VERBOSE: Layer: (Unnamed Layer* 18) [Constant] (Constant), Tactic: 0,  -> (Unnamed Layer* 18) [Constant]_output[Float(11)]
[TensorRT] VERBOSE: Layer: (Unnamed Layer* 19) [Constant] (Constant), Tactic: 0,  -> (Unnamed Layer* 19) [Constant]_output[Float(3,11)]
[TensorRT] VERBOSE: Layer: (Unnamed Layer* 20) [Matrix Multiply] (MatrixMultiply), Tactic: 0, 26[Float(3)], (Unnamed Layer* 19) [Constant]_output[Float(3,11)] -> (Unnamed Layer* 20) [Matrix Multiply]_output[Float(11)]
[TensorRT] VERBOSE: Layer: (Unnamed Layer* 21) [ElementWise] (ElementWise), Tactic: 1, (Unnamed Layer* 20) [Matrix Multiply]_output[Float(11)], (Unnamed Layer* 18) [Constant]_output[Float(11)] -> 27[Float(11)]
[TensorRT] VERBOSE: Layer: (Unnamed Layer* 22) [Softmax] + (Unnamed Layer* 23) [Unary] (SoftMax), Tactic: 1001, 27[Float(11)] -> 28[Float(11)]
[TensorRT] VERBOSE: Layer: (Unnamed Layer* 24) [Pooling] (Pooling), Tactic: -1, 14[Float(3,1,1)] -> 29[Float(3,1,1)]
[TensorRT] VERBOSE: Layer: (Unnamed Layer* 26) [Constant] (Constant), Tactic: 0,  -> (Unnamed Layer* 26) [Constant]_output[Float(11)]
[TensorRT] VERBOSE: Layer: (Unnamed Layer* 27) [Constant] (Constant), Tactic: 0,  -> (Unnamed Layer* 27) [Constant]_output[Float(3,11)]
[TensorRT] VERBOSE: Layer: (Unnamed Layer* 28) [Matrix Multiply] (MatrixMultiply), Tactic: 0, 31[Float(3)], (Unnamed Layer* 27) [Constant]_output[Float(3,11)] -> (Unnamed Layer* 28) [Matrix Multiply]_output[Float(11)]
[TensorRT] VERBOSE: Layer: (Unnamed Layer* 29) [ElementWise] (ElementWise), Tactic: 1, (Unnamed Layer* 28) [Matrix Multiply]_output[Float(11)], (Unnamed Layer* 26) [Constant]_output[Float(11)] -> 32[Float(11)]
[TensorRT] VERBOSE: Layer: (Unnamed Layer* 30) [Softmax] + (Unnamed Layer* 31) [Unary] (SoftMax), Tactic: 1001, 32[Float(11)] -> 33[Float(11)]
[TensorRT] VERBOSE: Layer: (Unnamed Layer* 32) [Pooling] (Pooling), Tactic: -1, 18[Float(3,1,1)] -> 34[Float(3,1,1)]
[TensorRT] VERBOSE: Layer: (Unnamed Layer* 34) [Constant] (Constant), Tactic: 0,  -> (Unnamed Layer* 34) [Constant]_output[Float(11)]
[TensorRT] VERBOSE: Layer: (Unnamed Layer* 35) [Constant] (Constant), Tactic: 0,  -> (Unnamed Layer* 35) [Constant]_output[Float(3,11)]
[TensorRT] VERBOSE: Layer: (Unnamed Layer* 36) [Matrix Multiply] (MatrixMultiply), Tactic: 0, 36[Float(3)], (Unnamed Layer* 35) [Constant]_output[Float(3,11)] -> (Unnamed Layer* 36) [Matrix Multiply]_output[Float(11)]
[TensorRT] VERBOSE: Layer: (Unnamed Layer* 37) [ElementWise] (ElementWise), Tactic: 1, (Unnamed Layer* 36) [Matrix Multiply]_output[Float(11)], (Unnamed Layer* 34) [Constant]_output[Float(11)] -> 37[Float(11)]
[TensorRT] VERBOSE: Layer: (Unnamed Layer* 38) [Softmax] + (Unnamed Layer* 39) [Unary] (SoftMax), Tactic: 1001, 37[Float(11)] -> 38[Float(11)]
